[2018-08-02 06:38:52] local.ERROR: file_put_contents(/home/nicolaus/project/zuragan/zuragan-ongkir-api/storage/framework/sessions/dlpplajLPN8T9XQhCABfVAFYigrSKxFKJlRm4UOP): failed to open stream: No such file or directory {"exception":"[object] (ErrorException(code: 0): file_put_contents(/home/nicolaus/project/zuragan/zuragan-ongkir-api/storage/framework/sessions/dlpplajLPN8T9XQhCABfVAFYigrSKxFKJlRm4UOP): failed to open stream: No such file or directory at /home/nicolaus/project/zuragan/zuragan-ongkir-api/vendor/laravel/framework/src/Illuminate/Filesystem/Filesystem.php:122)
[stacktrace]
#0 [internal function]: Illuminate\\Foundation\\Bootstrap\\HandleExceptions->handleError(2, 'file_put_conten...', '/home/nicolaus/...', 122, Array)
#1 /home/nicolaus/project/zuragan/zuragan-ongkir-api/vendor/laravel/framework/src/Illuminate/Filesystem/Filesystem.php(122): file_put_contents('/home/nicolaus/...', 'a:3:{s:6:\"_toke...', 2)
#2 /home/nicolaus/project/zuragan/zuragan-ongkir-api/vendor/laravel/framework/src/Illuminate/Session/FileSessionHandler.php(83): Illuminate\\Filesystem\\Filesystem->put('/home/nicolaus/...', 'a:3:{s:6:\"_toke...', true)
#3 /home/nicolaus/project/zuragan/zuragan-ongkir-api/vendor/laravel/framework/src/Illuminate/Session/Store.php(129): Illuminate\\Session\\FileSessionHandler->write('dlpplajLPN8T9XQ...', 'a:3:{s:6:\"_toke...')
#4 /home/nicolaus/project/zuragan/zuragan-ongkir-api/vendor/laravel/framework/src/Illuminate/Session/Middleware/StartSession.php(87): Illuminate\\Session\\Store->save()
#5 /home/nicolaus/project/zuragan/zuragan-ongkir-api/vendor/laravel/framework/src/Illuminate/Foundation/Http/Kernel.php(218): Illuminate\\Session\\Middleware\\StartSession->terminate(Object(Illuminate\\Http\\Request), Object(Illuminate\\Http\\Response))
#6 /home/nicolaus/project/zuragan/zuragan-ongkir-api/vendor/laravel/framework/src/Illuminate/Foundation/Http/Kernel.php(189): Illuminate\\Foundation\\Http\\Kernel->terminateMiddleware(Object(Illuminate\\Http\\Request), Object(Illuminate\\Http\\Response))
#7 /home/nicolaus/project/zuragan/zuragan-ongkir-api/public/index.php(60): Illuminate\\Foundation\\Http\\Kernel->terminate(Object(Illuminate\\Http\\Request), Object(Illuminate\\Http\\Response))
#8 /home/nicolaus/project/zuragan/zuragan-ongkir-api/server.php(21): require_once('/home/nicolaus/...')
#9 {main}
"} 
[2018-08-02 06:56:00] local.ERROR: file_put_contents(/home/nicolaus/project/zuragan/zuragan-ongkir-api/storage/framework/sessions/dlpplajLPN8T9XQhCABfVAFYigrSKxFKJlRm4UOP): failed to open stream: No such file or directory {"exception":"[object] (ErrorException(code: 0): file_put_contents(/home/nicolaus/project/zuragan/zuragan-ongkir-api/storage/framework/sessions/dlpplajLPN8T9XQhCABfVAFYigrSKxFKJlRm4UOP): failed to open stream: No such file or directory at /home/nicolaus/project/zuragan/zuragan-ongkir-api/vendor/laravel/framework/src/Illuminate/Filesystem/Filesystem.php:122)
[stacktrace]
#0 [internal function]: Illuminate\\Foundation\\Bootstrap\\HandleExceptions->handleError(2, 'file_put_conten...', '/home/nicolaus/...', 122, Array)
#1 /home/nicolaus/project/zuragan/zuragan-ongkir-api/vendor/laravel/framework/src/Illuminate/Filesystem/Filesystem.php(122): file_put_contents('/home/nicolaus/...', 'a:3:{s:6:\"_toke...', 2)
#2 /home/nicolaus/project/zuragan/zuragan-ongkir-api/vendor/laravel/framework/src/Illuminate/Session/FileSessionHandler.php(83): Illuminate\\Filesystem\\Filesystem->put('/home/nicolaus/...', 'a:3:{s:6:\"_toke...', true)
#3 /home/nicolaus/project/zuragan/zuragan-ongkir-api/vendor/laravel/framework/src/Illuminate/Session/Store.php(129): Illuminate\\Session\\FileSessionHandler->write('dlpplajLPN8T9XQ...', 'a:3:{s:6:\"_toke...')
#4 /home/nicolaus/project/zuragan/zuragan-ongkir-api/vendor/laravel/framework/src/Illuminate/Session/Middleware/StartSession.php(87): Illuminate\\Session\\Store->save()
#5 /home/nicolaus/project/zuragan/zuragan-ongkir-api/vendor/laravel/framework/src/Illuminate/Foundation/Http/Kernel.php(218): Illuminate\\Session\\Middleware\\StartSession->terminate(Object(Illuminate\\Http\\Request), Object(Illuminate\\Http\\Response))
#6 /home/nicolaus/project/zuragan/zuragan-ongkir-api/vendor/laravel/framework/src/Illuminate/Foundation/Http/Kernel.php(189): Illuminate\\Foundation\\Http\\Kernel->terminateMiddleware(Object(Illuminate\\Http\\Request), Object(Illuminate\\Http\\Response))
#7 /home/nicolaus/project/zuragan/zuragan-ongkir-api/public/index.php(60): Illuminate\\Foundation\\Http\\Kernel->terminate(Object(Illuminate\\Http\\Request), Object(Illuminate\\Http\\Response))
#8 /home/nicolaus/project/zuragan/zuragan-ongkir-api/server.php(21): require_once('/home/nicolaus/...')
#9 {main}
"} 
[2018-08-02 07:01:33] local.ERROR: Call to a member function getBody() on null {"exception":"[object] (Symfony\\Component\\Debug\\Exception\\FatalThrowableError(code: 0): Call to a member function getBody() on null at /home/nicolaus/project/zuragan/zuragan-ongkir-api/app/Cores/Jsonable.php:100)
[stacktrace]
#0 /home/nicolaus/project/zuragan/zuragan-ongkir-api/app/Http/Controllers/RajaOngkirController.php(289): App\\Http\\Controllers\\Base\\BaseController->jsonExceptions(Object(GuzzleHttp\\Exception\\RequestException))
#1 [internal function]: App\\Http\\Controllers\\RajaOngkirController->getDomesticCosts(Object(App\\Http\\Requests\\RajaOngkirCostRequest))
#2 /home/nicolaus/project/zuragan/zuragan-ongkir-api/vendor/laravel/framework/src/Illuminate/Routing/Controller.php(54): call_user_func_array(Array, Array)
#3 /home/nicolaus/project/zuragan/zuragan-ongkir-api/vendor/laravel/framework/src/Illuminate/Routing/ControllerDispatcher.php(45): Illuminate\\Routing\\Controller->callAction('getDomesticCost...', Array)
#4 /home/nicolaus/project/zuragan/zuragan-ongkir-api/vendor/laravel/framework/src/Illuminate/Routing/Route.php(212): Illuminate\\Routing\\ControllerDispatcher->dispatch(Object(Illuminate\\Routing\\Route), Object(App\\Http\\Controllers\\RajaOngkirController), 'getDomesticCost...')
#5 /home/nicolaus/project/zuragan/zuragan-ongkir-api/vendor/laravel/framework/src/Illuminate/Routing/Route.php(169): Illuminate\\Routing\\Route->runController()
#6 /home/nicolaus/project/zuragan/zuragan-ongkir-api/vendor/laravel/framework/src/Illuminate/Routing/Router.php(665): Illuminate\\Routing\\Route->run()
#7 /home/nicolaus/project/zuragan/zuragan-ongkir-api/vendor/laravel/framework/src/Illuminate/Routing/Pipeline.php(30): Illuminate\\Routing\\Router->Illuminate\\Routing\\{closure}(Object(Illuminate\\Http\\Request))
#8 /home/nicolaus/project/zuragan/zuragan-ongkir-api/app/Http/Middleware/Cors.php(34): Illuminate\\Routing\\Pipeline->Illuminate\\Routing\\{closure}(Object(Illuminate\\Http\\Request))
#9 /home/nicolaus/project/zuragan/zuragan-ongkir-api/vendor/laravel/framework/src/Illuminate/Pipeline/Pipeline.php(151): App\\Http\\Middleware\\Cors->handle(Object(Illuminate\\Http\\Request), Object(Closure))
#10 /home/nicolaus/project/zuragan/zuragan-ongkir-api/vendor/laravel/framework/src/Illuminate/Routing/Pipeline.php(53): Illuminate\\Pipeline\\Pipeline->Illuminate\\Pipeline\\{closure}(Object(Illuminate\\Http\\Request))
#11 /home/nicolaus/project/zuragan/zuragan-ongkir-api/vendor/laravel/framework/src/Illuminate/Routing/Middleware/SubstituteBindings.php(41): Illuminate\\Routing\\Pipeline->Illuminate\\Routing\\{closure}(Object(Illuminate\\Http\\Request))
#12 /home/nicolaus/project/zuragan/zuragan-ongkir-api/vendor/laravel/framework/src/Illuminate/Pipeline/Pipeline.php(151): Illuminate\\Routing\\Middleware\\SubstituteBindings->handle(Object(Illuminate\\Http\\Request), Object(Closure))
#13 /home/nicolaus/project/zuragan/zuragan-ongkir-api/vendor/laravel/framework/src/Illuminate/Routing/Pipeline.php(53): Illuminate\\Pipeline\\Pipeline->Illuminate\\Pipeline\\{closure}(Object(Illuminate\\Http\\Request))
#14 /home/nicolaus/project/zuragan/zuragan-ongkir-api/vendor/laravel/framework/src/Illuminate/Routing/Middleware/ThrottleRequests.php(57): Illuminate\\Routing\\Pipeline->Illuminate\\Routing\\{closure}(Object(Illuminate\\Http\\Request))
#15 /home/nicolaus/project/zuragan/zuragan-ongkir-api/vendor/laravel/framework/src/Illuminate/Pipeline/Pipeline.php(151): Illuminate\\Routing\\Middleware\\ThrottleRequests->handle(Object(Illuminate\\Http\\Request), Object(Closure), 60, '1')
#16 /home/nicolaus/project/zuragan/zuragan-ongkir-api/vendor/laravel/framework/src/Illuminate/Routing/Pipeline.php(53): Illuminate\\Pipeline\\Pipeline->Illuminate\\Pipeline\\{closure}(Object(Illuminate\\Http\\Request))
#17 /home/nicolaus/project/zuragan/zuragan-ongkir-api/vendor/laravel/framework/src/Illuminate/Pipeline/Pipeline.php(104): Illuminate\\Routing\\Pipeline->Illuminate\\Routing\\{closure}(Object(Illuminate\\Http\\Request))
#18 /home/nicolaus/project/zuragan/zuragan-ongkir-api/vendor/laravel/framework/src/Illuminate/Routing/Router.php(667): Illuminate\\Pipeline\\Pipeline->then(Object(Closure))
#19 /home/nicolaus/project/zuragan/zuragan-ongkir-api/vendor/laravel/framework/src/Illuminate/Routing/Router.php(642): Illuminate\\Routing\\Router->runRouteWithinStack(Object(Illuminate\\Routing\\Route), Object(Illuminate\\Http\\Request))
#20 /home/nicolaus/project/zuragan/zuragan-ongkir-api/vendor/laravel/framework/src/Illuminate/Routing/Router.php(608): Illuminate\\Routing\\Router->runRoute(Object(Illuminate\\Http\\Request), Object(Illuminate\\Routing\\Route))
#21 /home/nicolaus/project/zuragan/zuragan-ongkir-api/vendor/laravel/framework/src/Illuminate/Routing/Router.php(597): Illuminate\\Routing\\Router->dispatchToRoute(Object(Illuminate\\Http\\Request))
#22 /home/nicolaus/project/zuragan/zuragan-ongkir-api/vendor/laravel/framework/src/Illuminate/Foundation/Http/Kernel.php(176): Illuminate\\Routing\\Router->dispatch(Object(Illuminate\\Http\\Request))
#23 /home/nicolaus/project/zuragan/zuragan-ongkir-api/vendor/laravel/framework/src/Illuminate/Routing/Pipeline.php(30): Illuminate\\Foundation\\Http\\Kernel->Illuminate\\Foundation\\Http\\{closure}(Object(Illuminate\\Http\\Request))
#24 /home/nicolaus/project/zuragan/zuragan-ongkir-api/vendor/fideloper/proxy/src/TrustProxies.php(57): Illuminate\\Routing\\Pipeline->Illuminate\\Routing\\{closure}(Object(Illuminate\\Http\\Request))
#25 /home/nicolaus/project/zuragan/zuragan-ongkir-api/vendor/laravel/framework/src/Illuminate/Pipeline/Pipeline.php(151): Fideloper\\Proxy\\TrustProxies->handle(Object(Illuminate\\Http\\Request), Object(Closure))
#26 /home/nicolaus/project/zuragan/zuragan-ongkir-api/vendor/laravel/framework/src/Illuminate/Routing/Pipeline.php(53): Illuminate\\Pipeline\\Pipeline->Illuminate\\Pipeline\\{closure}(Object(Illuminate\\Http\\Request))
#27 /home/nicolaus/project/zuragan/zuragan-ongkir-api/vendor/laravel/framework/src/Illuminate/Foundation/Http/Middleware/TransformsRequest.php(31): Illuminate\\Routing\\Pipeline->Illuminate\\Routing\\{closure}(Object(Illuminate\\Http\\Request))
#28 /home/nicolaus/project/zuragan/zuragan-ongkir-api/vendor/laravel/framework/src/Illuminate/Pipeline/Pipeline.php(151): Illuminate\\Foundation\\Http\\Middleware\\TransformsRequest->handle(Object(Illuminate\\Http\\Request), Object(Closure))
#29 /home/nicolaus/project/zuragan/zuragan-ongkir-api/vendor/laravel/framework/src/Illuminate/Routing/Pipeline.php(53): Illuminate\\Pipeline\\Pipeline->Illuminate\\Pipeline\\{closure}(Object(Illuminate\\Http\\Request))
#30 /home/nicolaus/project/zuragan/zuragan-ongkir-api/vendor/laravel/framework/src/Illuminate/Foundation/Http/Middleware/TransformsRequest.php(31): Illuminate\\Routing\\Pipeline->Illuminate\\Routing\\{closure}(Object(Illuminate\\Http\\Request))
#31 /home/nicolaus/project/zuragan/zuragan-ongkir-api/vendor/laravel/framework/src/Illuminate/Pipeline/Pipeline.php(151): Illuminate\\Foundation\\Http\\Middleware\\TransformsRequest->handle(Object(Illuminate\\Http\\Request), Object(Closure))
#32 /home/nicolaus/project/zuragan/zuragan-ongkir-api/vendor/laravel/framework/src/Illuminate/Routing/Pipeline.php(53): Illuminate\\Pipeline\\Pipeline->Illuminate\\Pipeline\\{closure}(Object(Illuminate\\Http\\Request))
#33 /home/nicolaus/project/zuragan/zuragan-ongkir-api/vendor/laravel/framework/src/Illuminate/Foundation/Http/Middleware/ValidatePostSize.php(27): Illuminate\\Routing\\Pipeline->Illuminate\\Routing\\{closure}(Object(Illuminate\\Http\\Request))
#34 /home/nicolaus/project/zuragan/zuragan-ongkir-api/vendor/laravel/framework/src/Illuminate/Pipeline/Pipeline.php(151): Illuminate\\Foundation\\Http\\Middleware\\ValidatePostSize->handle(Object(Illuminate\\Http\\Request), Object(Closure))
#35 /home/nicolaus/project/zuragan/zuragan-ongkir-api/vendor/laravel/framework/src/Illuminate/Routing/Pipeline.php(53): Illuminate\\Pipeline\\Pipeline->Illuminate\\Pipeline\\{closure}(Object(Illuminate\\Http\\Request))
#36 /home/nicolaus/project/zuragan/zuragan-ongkir-api/vendor/laravel/framework/src/Illuminate/Foundation/Http/Middleware/CheckForMaintenanceMode.php(62): Illuminate\\Routing\\Pipeline->Illuminate\\Routing\\{closure}(Object(Illuminate\\Http\\Request))
#37 /home/nicolaus/project/zuragan/zuragan-ongkir-api/vendor/laravel/framework/src/Illuminate/Pipeline/Pipeline.php(151): Illuminate\\Foundation\\Http\\Middleware\\CheckForMaintenanceMode->handle(Object(Illuminate\\Http\\Request), Object(Closure))
#38 /home/nicolaus/project/zuragan/zuragan-ongkir-api/vendor/laravel/framework/src/Illuminate/Routing/Pipeline.php(53): Illuminate\\Pipeline\\Pipeline->Illuminate\\Pipeline\\{closure}(Object(Illuminate\\Http\\Request))
#39 /home/nicolaus/project/zuragan/zuragan-ongkir-api/vendor/laravel/framework/src/Illuminate/Pipeline/Pipeline.php(104): Illuminate\\Routing\\Pipeline->Illuminate\\Routing\\{closure}(Object(Illuminate\\Http\\Request))
#40 /home/nicolaus/project/zuragan/zuragan-ongkir-api/vendor/laravel/framework/src/Illuminate/Foundation/Http/Kernel.php(151): Illuminate\\Pipeline\\Pipeline->then(Object(Closure))
#41 /home/nicolaus/project/zuragan/zuragan-ongkir-api/vendor/laravel/framework/src/Illuminate/Foundation/Http/Kernel.php(116): Illuminate\\Foundation\\Http\\Kernel->sendRequestThroughRouter(Object(Illuminate\\Http\\Request))
#42 /home/nicolaus/project/zuragan/zuragan-ongkir-api/public/index.php(55): Illuminate\\Foundation\\Http\\Kernel->handle(Object(Illuminate\\Http\\Request))
#43 /home/nicolaus/project/zuragan/zuragan-ongkir-api/server.php(21): require_once('/home/nicolaus/...')
#44 {main}
"} 
[2018-08-02 07:01:42] local.ERROR: Call to a member function getBody() on null {"exception":"[object] (Symfony\\Component\\Debug\\Exception\\FatalThrowableError(code: 0): Call to a member function getBody() on null at /home/nicolaus/project/zuragan/zuragan-ongkir-api/app/Cores/Jsonable.php:100)
[stacktrace]
#0 /home/nicolaus/project/zuragan/zuragan-ongkir-api/app/Http/Controllers/RajaOngkirController.php(344): App\\Http\\Controllers\\Base\\BaseController->jsonExceptions(Object(GuzzleHttp\\Exception\\RequestException))
#1 /home/nicolaus/project/zuragan/zuragan-ongkir-api/vendor/guzzlehttp/promises/src/Promise.php(203): App\\Http\\Controllers\\RajaOngkirController->App\\Http\\Controllers\\{closure}(Object(GuzzleHttp\\Exception\\RequestException))
#2 /home/nicolaus/project/zuragan/zuragan-ongkir-api/vendor/guzzlehttp/promises/src/Promise.php(156): GuzzleHttp\\Promise\\Promise::callHandler(2, Object(GuzzleHttp\\Exception\\RequestException), Array)
#3 /home/nicolaus/project/zuragan/zuragan-ongkir-api/vendor/guzzlehttp/promises/src/TaskQueue.php(47): GuzzleHttp\\Promise\\Promise::GuzzleHttp\\Promise\\{closure}()
#4 /home/nicolaus/project/zuragan/zuragan-ongkir-api/vendor/guzzlehttp/guzzle/src/Handler/CurlMultiHandler.php(98): GuzzleHttp\\Promise\\TaskQueue->run()
#5 /home/nicolaus/project/zuragan/zuragan-ongkir-api/vendor/guzzlehttp/guzzle/src/Handler/CurlMultiHandler.php(125): GuzzleHttp\\Handler\\CurlMultiHandler->tick()
#6 /home/nicolaus/project/zuragan/zuragan-ongkir-api/vendor/guzzlehttp/promises/src/Promise.php(246): GuzzleHttp\\Handler\\CurlMultiHandler->execute(true)
#7 /home/nicolaus/project/zuragan/zuragan-ongkir-api/vendor/guzzlehttp/promises/src/Promise.php(223): GuzzleHttp\\Promise\\Promise->invokeWaitFn()
#8 /home/nicolaus/project/zuragan/zuragan-ongkir-api/vendor/guzzlehttp/promises/src/Promise.php(267): GuzzleHttp\\Promise\\Promise->waitIfPending()
#9 /home/nicolaus/project/zuragan/zuragan-ongkir-api/vendor/guzzlehttp/promises/src/Promise.php(225): GuzzleHttp\\Promise\\Promise->invokeWaitList()
#10 /home/nicolaus/project/zuragan/zuragan-ongkir-api/vendor/guzzlehttp/promises/src/Promise.php(62): GuzzleHttp\\Promise\\Promise->waitIfPending()
#11 /home/nicolaus/project/zuragan/zuragan-ongkir-api/app/Http/Controllers/RajaOngkirController.php(346): GuzzleHttp\\Promise\\Promise->wait()
#12 [internal function]: App\\Http\\Controllers\\RajaOngkirController->getWaybill(Object(App\\Http\\Requests\\RajaOngkirWaybillRequest))
#13 /home/nicolaus/project/zuragan/zuragan-ongkir-api/vendor/laravel/framework/src/Illuminate/Routing/Controller.php(54): call_user_func_array(Array, Array)
#14 /home/nicolaus/project/zuragan/zuragan-ongkir-api/vendor/laravel/framework/src/Illuminate/Routing/ControllerDispatcher.php(45): Illuminate\\Routing\\Controller->callAction('getWaybill', Array)
#15 /home/nicolaus/project/zuragan/zuragan-ongkir-api/vendor/laravel/framework/src/Illuminate/Routing/Route.php(212): Illuminate\\Routing\\ControllerDispatcher->dispatch(Object(Illuminate\\Routing\\Route), Object(App\\Http\\Controllers\\RajaOngkirController), 'getWaybill')
#16 /home/nicolaus/project/zuragan/zuragan-ongkir-api/vendor/laravel/framework/src/Illuminate/Routing/Route.php(169): Illuminate\\Routing\\Route->runController()
#17 /home/nicolaus/project/zuragan/zuragan-ongkir-api/vendor/laravel/framework/src/Illuminate/Routing/Router.php(665): Illuminate\\Routing\\Route->run()
#18 /home/nicolaus/project/zuragan/zuragan-ongkir-api/vendor/laravel/framework/src/Illuminate/Routing/Pipeline.php(30): Illuminate\\Routing\\Router->Illuminate\\Routing\\{closure}(Object(Illuminate\\Http\\Request))
#19 /home/nicolaus/project/zuragan/zuragan-ongkir-api/app/Http/Middleware/Cors.php(34): Illuminate\\Routing\\Pipeline->Illuminate\\Routing\\{closure}(Object(Illuminate\\Http\\Request))
#20 /home/nicolaus/project/zuragan/zuragan-ongkir-api/vendor/laravel/framework/src/Illuminate/Pipeline/Pipeline.php(151): App\\Http\\Middleware\\Cors->handle(Object(Illuminate\\Http\\Request), Object(Closure))
#21 /home/nicolaus/project/zuragan/zuragan-ongkir-api/vendor/laravel/framework/src/Illuminate/Routing/Pipeline.php(53): Illuminate\\Pipeline\\Pipeline->Illuminate\\Pipeline\\{closure}(Object(Illuminate\\Http\\Request))
#22 /home/nicolaus/project/zuragan/zuragan-ongkir-api/vendor/laravel/framework/src/Illuminate/Routing/Middleware/SubstituteBindings.php(41): Illuminate\\Routing\\Pipeline->Illuminate\\Routing\\{closure}(Object(Illuminate\\Http\\Request))
#23 /home/nicolaus/project/zuragan/zuragan-ongkir-api/vendor/laravel/framework/src/Illuminate/Pipeline/Pipeline.php(151): Illuminate\\Routing\\Middleware\\SubstituteBindings->handle(Object(Illuminate\\Http\\Request), Object(Closure))
#24 /home/nicolaus/project/zuragan/zuragan-ongkir-api/vendor/laravel/framework/src/Illuminate/Routing/Pipeline.php(53): Illuminate\\Pipeline\\Pipeline->Illuminate\\Pipeline\\{closure}(Object(Illuminate\\Http\\Request))
#25 /home/nicolaus/project/zuragan/zuragan-ongkir-api/vendor/laravel/framework/src/Illuminate/Routing/Middleware/ThrottleRequests.php(57): Illuminate\\Routing\\Pipeline->Illuminate\\Routing\\{closure}(Object(Illuminate\\Http\\Request))
#26 /home/nicolaus/project/zuragan/zuragan-ongkir-api/vendor/laravel/framework/src/Illuminate/Pipeline/Pipeline.php(151): Illuminate\\Routing\\Middleware\\ThrottleRequests->handle(Object(Illuminate\\Http\\Request), Object(Closure), 60, '1')
#27 /home/nicolaus/project/zuragan/zuragan-ongkir-api/vendor/laravel/framework/src/Illuminate/Routing/Pipeline.php(53): Illuminate\\Pipeline\\Pipeline->Illuminate\\Pipeline\\{closure}(Object(Illuminate\\Http\\Request))
#28 /home/nicolaus/project/zuragan/zuragan-ongkir-api/vendor/laravel/framework/src/Illuminate/Pipeline/Pipeline.php(104): Illuminate\\Routing\\Pipeline->Illuminate\\Routing\\{closure}(Object(Illuminate\\Http\\Request))
#29 /home/nicolaus/project/zuragan/zuragan-ongkir-api/vendor/laravel/framework/src/Illuminate/Routing/Router.php(667): Illuminate\\Pipeline\\Pipeline->then(Object(Closure))
#30 /home/nicolaus/project/zuragan/zuragan-ongkir-api/vendor/laravel/framework/src/Illuminate/Routing/Router.php(642): Illuminate\\Routing\\Router->runRouteWithinStack(Object(Illuminate\\Routing\\Route), Object(Illuminate\\Http\\Request))
#31 /home/nicolaus/project/zuragan/zuragan-ongkir-api/vendor/laravel/framework/src/Illuminate/Routing/Router.php(608): Illuminate\\Routing\\Router->runRoute(Object(Illuminate\\Http\\Request), Object(Illuminate\\Routing\\Route))
#32 /home/nicolaus/project/zuragan/zuragan-ongkir-api/vendor/laravel/framework/src/Illuminate/Routing/Router.php(597): Illuminate\\Routing\\Router->dispatchToRoute(Object(Illuminate\\Http\\Request))
#33 /home/nicolaus/project/zuragan/zuragan-ongkir-api/vendor/laravel/framework/src/Illuminate/Foundation/Http/Kernel.php(176): Illuminate\\Routing\\Router->dispatch(Object(Illuminate\\Http\\Request))
#34 /home/nicolaus/project/zuragan/zuragan-ongkir-api/vendor/laravel/framework/src/Illuminate/Routing/Pipeline.php(30): Illuminate\\Foundation\\Http\\Kernel->Illuminate\\Foundation\\Http\\{closure}(Object(Illuminate\\Http\\Request))
#35 /home/nicolaus/project/zuragan/zuragan-ongkir-api/vendor/fideloper/proxy/src/TrustProxies.php(57): Illuminate\\Routing\\Pipeline->Illuminate\\Routing\\{closure}(Object(Illuminate\\Http\\Request))
#36 /home/nicolaus/project/zuragan/zuragan-ongkir-api/vendor/laravel/framework/src/Illuminate/Pipeline/Pipeline.php(151): Fideloper\\Proxy\\TrustProxies->handle(Object(Illuminate\\Http\\Request), Object(Closure))
#37 /home/nicolaus/project/zuragan/zuragan-ongkir-api/vendor/laravel/framework/src/Illuminate/Routing/Pipeline.php(53): Illuminate\\Pipeline\\Pipeline->Illuminate\\Pipeline\\{closure}(Object(Illuminate\\Http\\Request))
#38 /home/nicolaus/project/zuragan/zuragan-ongkir-api/vendor/laravel/framework/src/Illuminate/Foundation/Http/Middleware/TransformsRequest.php(31): Illuminate\\Routing\\Pipeline->Illuminate\\Routing\\{closure}(Object(Illuminate\\Http\\Request))
#39 /home/nicolaus/project/zuragan/zuragan-ongkir-api/vendor/laravel/framework/src/Illuminate/Pipeline/Pipeline.php(151): Illuminate\\Foundation\\Http\\Middleware\\TransformsRequest->handle(Object(Illuminate\\Http\\Request), Object(Closure))
#40 /home/nicolaus/project/zuragan/zuragan-ongkir-api/vendor/laravel/framework/src/Illuminate/Routing/Pipeline.php(53): Illuminate\\Pipeline\\Pipeline->Illuminate\\Pipeline\\{closure}(Object(Illuminate\\Http\\Request))
#41 /home/nicolaus/project/zuragan/zuragan-ongkir-api/vendor/laravel/framework/src/Illuminate/Foundation/Http/Middleware/TransformsRequest.php(31): Illuminate\\Routing\\Pipeline->Illuminate\\Routing\\{closure}(Object(Illuminate\\Http\\Request))
#42 /home/nicolaus/project/zuragan/zuragan-ongkir-api/vendor/laravel/framework/src/Illuminate/Pipeline/Pipeline.php(151): Illuminate\\Foundation\\Http\\Middleware\\TransformsRequest->handle(Object(Illuminate\\Http\\Request), Object(Closure))
#43 /home/nicolaus/project/zuragan/zuragan-ongkir-api/vendor/laravel/framework/src/Illuminate/Routing/Pipeline.php(53): Illuminate\\Pipeline\\Pipeline->Illuminate\\Pipeline\\{closure}(Object(Illuminate\\Http\\Request))
#44 /home/nicolaus/project/zuragan/zuragan-ongkir-api/vendor/laravel/framework/src/Illuminate/Foundation/Http/Middleware/ValidatePostSize.php(27): Illuminate\\Routing\\Pipeline->Illuminate\\Routing\\{closure}(Object(Illuminate\\Http\\Request))
#45 /home/nicolaus/project/zuragan/zuragan-ongkir-api/vendor/laravel/framework/src/Illuminate/Pipeline/Pipeline.php(151): Illuminate\\Foundation\\Http\\Middleware\\ValidatePostSize->handle(Object(Illuminate\\Http\\Request), Object(Closure))
#46 /home/nicolaus/project/zuragan/zuragan-ongkir-api/vendor/laravel/framework/src/Illuminate/Routing/Pipeline.php(53): Illuminate\\Pipeline\\Pipeline->Illuminate\\Pipeline\\{closure}(Object(Illuminate\\Http\\Request))
#47 /home/nicolaus/project/zuragan/zuragan-ongkir-api/vendor/laravel/framework/src/Illuminate/Foundation/Http/Middleware/CheckForMaintenanceMode.php(62): Illuminate\\Routing\\Pipeline->Illuminate\\Routing\\{closure}(Object(Illuminate\\Http\\Request))
#48 /home/nicolaus/project/zuragan/zuragan-ongkir-api/vendor/laravel/framework/src/Illuminate/Pipeline/Pipeline.php(151): Illuminate\\Foundation\\Http\\Middleware\\CheckForMaintenanceMode->handle(Object(Illuminate\\Http\\Request), Object(Closure))
#49 /home/nicolaus/project/zuragan/zuragan-ongkir-api/vendor/laravel/framework/src/Illuminate/Routing/Pipeline.php(53): Illuminate\\Pipeline\\Pipeline->Illuminate\\Pipeline\\{closure}(Object(Illuminate\\Http\\Request))
#50 /home/nicolaus/project/zuragan/zuragan-ongkir-api/vendor/laravel/framework/src/Illuminate/Pipeline/Pipeline.php(104): Illuminate\\Routing\\Pipeline->Illuminate\\Routing\\{closure}(Object(Illuminate\\Http\\Request))
#51 /home/nicolaus/project/zuragan/zuragan-ongkir-api/vendor/laravel/framework/src/Illuminate/Foundation/Http/Kernel.php(151): Illuminate\\Pipeline\\Pipeline->then(Object(Closure))
#52 /home/nicolaus/project/zuragan/zuragan-ongkir-api/vendor/laravel/framework/src/Illuminate/Foundation/Http/Kernel.php(116): Illuminate\\Foundation\\Http\\Kernel->sendRequestThroughRouter(Object(Illuminate\\Http\\Request))
#53 /home/nicolaus/project/zuragan/zuragan-ongkir-api/public/index.php(55): Illuminate\\Foundation\\Http\\Kernel->handle(Object(Illuminate\\Http\\Request))
#54 /home/nicolaus/project/zuragan/zuragan-ongkir-api/server.php(21): require_once('/home/nicolaus/...')
#55 {main}
"} 
[2018-08-02 07:19:05] local.ERROR: HTTP/1.0 404 Not Found
Cache-Control: no-cache, private
Content-Type:  application/json
Date:          Thu, 02 Aug 2018 07:19:05 GMT

{"code":404,"message":"Failed Response"}  
[2018-08-02 07:20:28] local.ERROR: HTTP/1.0 404 Not Found
Cache-Control: no-cache, private
Content-Type:  application/json
Date:          Thu, 02 Aug 2018 07:20:28 GMT

{"code":404,"message":"Failed Response"}  
[2018-08-02 07:21:01] local.ERROR: Call to a member function getBody() on null {"exception":"[object] (Symfony\\Component\\Debug\\Exception\\FatalThrowableError(code: 0): Call to a member function getBody() on null at /home/nicolaus/project/zuragan/zuragan-ongkir-api/app/Cores/Jsonable.php:100)
[stacktrace]
#0 /home/nicolaus/project/zuragan/zuragan-ongkir-api/app/Http/Controllers/RajaOngkirController.php(289): App\\Http\\Controllers\\Base\\BaseController->jsonExceptions(Object(GuzzleHttp\\Exception\\RequestException))
#1 [internal function]: App\\Http\\Controllers\\RajaOngkirController->getDomesticCosts(Object(App\\Http\\Requests\\RajaOngkirCostRequest))
#2 /home/nicolaus/project/zuragan/zuragan-ongkir-api/vendor/laravel/framework/src/Illuminate/Routing/Controller.php(54): call_user_func_array(Array, Array)
#3 /home/nicolaus/project/zuragan/zuragan-ongkir-api/vendor/laravel/framework/src/Illuminate/Routing/ControllerDispatcher.php(45): Illuminate\\Routing\\Controller->callAction('getDomesticCost...', Array)
#4 /home/nicolaus/project/zuragan/zuragan-ongkir-api/vendor/laravel/framework/src/Illuminate/Routing/Route.php(212): Illuminate\\Routing\\ControllerDispatcher->dispatch(Object(Illuminate\\Routing\\Route), Object(App\\Http\\Controllers\\RajaOngkirController), 'getDomesticCost...')
#5 /home/nicolaus/project/zuragan/zuragan-ongkir-api/vendor/laravel/framework/src/Illuminate/Routing/Route.php(169): Illuminate\\Routing\\Route->runController()
#6 /home/nicolaus/project/zuragan/zuragan-ongkir-api/vendor/laravel/framework/src/Illuminate/Routing/Router.php(665): Illuminate\\Routing\\Route->run()
#7 /home/nicolaus/project/zuragan/zuragan-ongkir-api/vendor/laravel/framework/src/Illuminate/Routing/Pipeline.php(30): Illuminate\\Routing\\Router->Illuminate\\Routing\\{closure}(Object(Illuminate\\Http\\Request))
#8 /home/nicolaus/project/zuragan/zuragan-ongkir-api/app/Http/Middleware/Cors.php(34): Illuminate\\Routing\\Pipeline->Illuminate\\Routing\\{closure}(Object(Illuminate\\Http\\Request))
#9 /home/nicolaus/project/zuragan/zuragan-ongkir-api/vendor/laravel/framework/src/Illuminate/Pipeline/Pipeline.php(151): App\\Http\\Middleware\\Cors->handle(Object(Illuminate\\Http\\Request), Object(Closure))
#10 /home/nicolaus/project/zuragan/zuragan-ongkir-api/vendor/laravel/framework/src/Illuminate/Routing/Pipeline.php(53): Illuminate\\Pipeline\\Pipeline->Illuminate\\Pipeline\\{closure}(Object(Illuminate\\Http\\Request))
#11 /home/nicolaus/project/zuragan/zuragan-ongkir-api/vendor/laravel/framework/src/Illuminate/Routing/Middleware/SubstituteBindings.php(41): Illuminate\\Routing\\Pipeline->Illuminate\\Routing\\{closure}(Object(Illuminate\\Http\\Request))
#12 /home/nicolaus/project/zuragan/zuragan-ongkir-api/vendor/laravel/framework/src/Illuminate/Pipeline/Pipeline.php(151): Illuminate\\Routing\\Middleware\\SubstituteBindings->handle(Object(Illuminate\\Http\\Request), Object(Closure))
#13 /home/nicolaus/project/zuragan/zuragan-ongkir-api/vendor/laravel/framework/src/Illuminate/Routing/Pipeline.php(53): Illuminate\\Pipeline\\Pipeline->Illuminate\\Pipeline\\{closure}(Object(Illuminate\\Http\\Request))
#14 /home/nicolaus/project/zuragan/zuragan-ongkir-api/vendor/laravel/framework/src/Illuminate/Routing/Middleware/ThrottleRequests.php(57): Illuminate\\Routing\\Pipeline->Illuminate\\Routing\\{closure}(Object(Illuminate\\Http\\Request))
#15 /home/nicolaus/project/zuragan/zuragan-ongkir-api/vendor/laravel/framework/src/Illuminate/Pipeline/Pipeline.php(151): Illuminate\\Routing\\Middleware\\ThrottleRequests->handle(Object(Illuminate\\Http\\Request), Object(Closure), 60, '1')
#16 /home/nicolaus/project/zuragan/zuragan-ongkir-api/vendor/laravel/framework/src/Illuminate/Routing/Pipeline.php(53): Illuminate\\Pipeline\\Pipeline->Illuminate\\Pipeline\\{closure}(Object(Illuminate\\Http\\Request))
#17 /home/nicolaus/project/zuragan/zuragan-ongkir-api/vendor/laravel/framework/src/Illuminate/Pipeline/Pipeline.php(104): Illuminate\\Routing\\Pipeline->Illuminate\\Routing\\{closure}(Object(Illuminate\\Http\\Request))
#18 /home/nicolaus/project/zuragan/zuragan-ongkir-api/vendor/laravel/framework/src/Illuminate/Routing/Router.php(667): Illuminate\\Pipeline\\Pipeline->then(Object(Closure))
#19 /home/nicolaus/project/zuragan/zuragan-ongkir-api/vendor/laravel/framework/src/Illuminate/Routing/Router.php(642): Illuminate\\Routing\\Router->runRouteWithinStack(Object(Illuminate\\Routing\\Route), Object(Illuminate\\Http\\Request))
#20 /home/nicolaus/project/zuragan/zuragan-ongkir-api/vendor/laravel/framework/src/Illuminate/Routing/Router.php(608): Illuminate\\Routing\\Router->runRoute(Object(Illuminate\\Http\\Request), Object(Illuminate\\Routing\\Route))
#21 /home/nicolaus/project/zuragan/zuragan-ongkir-api/vendor/laravel/framework/src/Illuminate/Routing/Router.php(597): Illuminate\\Routing\\Router->dispatchToRoute(Object(Illuminate\\Http\\Request))
#22 /home/nicolaus/project/zuragan/zuragan-ongkir-api/vendor/laravel/framework/src/Illuminate/Foundation/Http/Kernel.php(176): Illuminate\\Routing\\Router->dispatch(Object(Illuminate\\Http\\Request))
#23 /home/nicolaus/project/zuragan/zuragan-ongkir-api/vendor/laravel/framework/src/Illuminate/Routing/Pipeline.php(30): Illuminate\\Foundation\\Http\\Kernel->Illuminate\\Foundation\\Http\\{closure}(Object(Illuminate\\Http\\Request))
#24 /home/nicolaus/project/zuragan/zuragan-ongkir-api/vendor/fideloper/proxy/src/TrustProxies.php(57): Illuminate\\Routing\\Pipeline->Illuminate\\Routing\\{closure}(Object(Illuminate\\Http\\Request))
#25 /home/nicolaus/project/zuragan/zuragan-ongkir-api/vendor/laravel/framework/src/Illuminate/Pipeline/Pipeline.php(151): Fideloper\\Proxy\\TrustProxies->handle(Object(Illuminate\\Http\\Request), Object(Closure))
#26 /home/nicolaus/project/zuragan/zuragan-ongkir-api/vendor/laravel/framework/src/Illuminate/Routing/Pipeline.php(53): Illuminate\\Pipeline\\Pipeline->Illuminate\\Pipeline\\{closure}(Object(Illuminate\\Http\\Request))
#27 /home/nicolaus/project/zuragan/zuragan-ongkir-api/vendor/laravel/framework/src/Illuminate/Foundation/Http/Middleware/TransformsRequest.php(31): Illuminate\\Routing\\Pipeline->Illuminate\\Routing\\{closure}(Object(Illuminate\\Http\\Request))
#28 /home/nicolaus/project/zuragan/zuragan-ongkir-api/vendor/laravel/framework/src/Illuminate/Pipeline/Pipeline.php(151): Illuminate\\Foundation\\Http\\Middleware\\TransformsRequest->handle(Object(Illuminate\\Http\\Request), Object(Closure))
#29 /home/nicolaus/project/zuragan/zuragan-ongkir-api/vendor/laravel/framework/src/Illuminate/Routing/Pipeline.php(53): Illuminate\\Pipeline\\Pipeline->Illuminate\\Pipeline\\{closure}(Object(Illuminate\\Http\\Request))
#30 /home/nicolaus/project/zuragan/zuragan-ongkir-api/vendor/laravel/framework/src/Illuminate/Foundation/Http/Middleware/TransformsRequest.php(31): Illuminate\\Routing\\Pipeline->Illuminate\\Routing\\{closure}(Object(Illuminate\\Http\\Request))
#31 /home/nicolaus/project/zuragan/zuragan-ongkir-api/vendor/laravel/framework/src/Illuminate/Pipeline/Pipeline.php(151): Illuminate\\Foundation\\Http\\Middleware\\TransformsRequest->handle(Object(Illuminate\\Http\\Request), Object(Closure))
#32 /home/nicolaus/project/zuragan/zuragan-ongkir-api/vendor/laravel/framework/src/Illuminate/Routing/Pipeline.php(53): Illuminate\\Pipeline\\Pipeline->Illuminate\\Pipeline\\{closure}(Object(Illuminate\\Http\\Request))
#33 /home/nicolaus/project/zuragan/zuragan-ongkir-api/vendor/laravel/framework/src/Illuminate/Foundation/Http/Middleware/ValidatePostSize.php(27): Illuminate\\Routing\\Pipeline->Illuminate\\Routing\\{closure}(Object(Illuminate\\Http\\Request))
#34 /home/nicolaus/project/zuragan/zuragan-ongkir-api/vendor/laravel/framework/src/Illuminate/Pipeline/Pipeline.php(151): Illuminate\\Foundation\\Http\\Middleware\\ValidatePostSize->handle(Object(Illuminate\\Http\\Request), Object(Closure))
#35 /home/nicolaus/project/zuragan/zuragan-ongkir-api/vendor/laravel/framework/src/Illuminate/Routing/Pipeline.php(53): Illuminate\\Pipeline\\Pipeline->Illuminate\\Pipeline\\{closure}(Object(Illuminate\\Http\\Request))
#36 /home/nicolaus/project/zuragan/zuragan-ongkir-api/vendor/laravel/framework/src/Illuminate/Foundation/Http/Middleware/CheckForMaintenanceMode.php(62): Illuminate\\Routing\\Pipeline->Illuminate\\Routing\\{closure}(Object(Illuminate\\Http\\Request))
#37 /home/nicolaus/project/zuragan/zuragan-ongkir-api/vendor/laravel/framework/src/Illuminate/Pipeline/Pipeline.php(151): Illuminate\\Foundation\\Http\\Middleware\\CheckForMaintenanceMode->handle(Object(Illuminate\\Http\\Request), Object(Closure))
#38 /home/nicolaus/project/zuragan/zuragan-ongkir-api/vendor/laravel/framework/src/Illuminate/Routing/Pipeline.php(53): Illuminate\\Pipeline\\Pipeline->Illuminate\\Pipeline\\{closure}(Object(Illuminate\\Http\\Request))
#39 /home/nicolaus/project/zuragan/zuragan-ongkir-api/vendor/laravel/framework/src/Illuminate/Pipeline/Pipeline.php(104): Illuminate\\Routing\\Pipeline->Illuminate\\Routing\\{closure}(Object(Illuminate\\Http\\Request))
#40 /home/nicolaus/project/zuragan/zuragan-ongkir-api/vendor/laravel/framework/src/Illuminate/Foundation/Http/Kernel.php(151): Illuminate\\Pipeline\\Pipeline->then(Object(Closure))
#41 /home/nicolaus/project/zuragan/zuragan-ongkir-api/vendor/laravel/framework/src/Illuminate/Foundation/Http/Kernel.php(116): Illuminate\\Foundation\\Http\\Kernel->sendRequestThroughRouter(Object(Illuminate\\Http\\Request))
#42 /home/nicolaus/project/zuragan/zuragan-ongkir-api/public/index.php(55): Illuminate\\Foundation\\Http\\Kernel->handle(Object(Illuminate\\Http\\Request))
#43 /home/nicolaus/project/zuragan/zuragan-ongkir-api/server.php(21): require_once('/home/nicolaus/...')
#44 {main}
"} 
[2018-08-02 07:24:06] local.ERROR: HTTP/1.0 404 Not Found
Cache-Control: no-cache, private
Content-Type:  application/json
Date:          Thu, 02 Aug 2018 07:24:06 GMT

{"code":404,"message":"Failed Response"}  
[2018-08-02 07:24:23] local.ERROR: HTTP/1.0 404 Not Found
Cache-Control: no-cache, private
Content-Type:  application/json
Date:          Thu, 02 Aug 2018 07:24:23 GMT

{"code":404,"message":"Failed Response"}  
[2018-08-02 07:24:26] local.ERROR: HTTP/1.0 404 Not Found
Cache-Control: no-cache, private
Content-Type:  application/json
Date:          Thu, 02 Aug 2018 07:24:26 GMT

{"code":404,"message":"Failed Response"}  
[2018-08-02 07:28:20] local.ERROR: Please provide a valid cache path. {"exception":"[object] (InvalidArgumentException(code: 0): Please provide a valid cache path. at /home/nicolaus/project/zuragan/zuragan-ongkir-api/vendor/laravel/framework/src/Illuminate/View/Compilers/Compiler.php:36)
[stacktrace]
#0 /home/nicolaus/project/zuragan/zuragan-ongkir-api/vendor/laravel/framework/src/Illuminate/View/ViewServiceProvider.php(141): Illuminate\\View\\Compilers\\Compiler->__construct(Object(Illuminate\\Filesystem\\Filesystem), false)
#1 /home/nicolaus/project/zuragan/zuragan-ongkir-api/vendor/laravel/framework/src/Illuminate/Container/Container.php(764): Illuminate\\View\\ViewServiceProvider->Illuminate\\View\\{closure}(Object(Illuminate\\Foundation\\Application), Array)
#2 /home/nicolaus/project/zuragan/zuragan-ongkir-api/vendor/laravel/framework/src/Illuminate/Container/Container.php(646): Illuminate\\Container\\Container->build(Object(Closure))
#3 /home/nicolaus/project/zuragan/zuragan-ongkir-api/vendor/laravel/framework/src/Illuminate/Container/Container.php(601): Illuminate\\Container\\Container->resolve('blade.compiler', Array)
#4 /home/nicolaus/project/zuragan/zuragan-ongkir-api/vendor/laravel/framework/src/Illuminate/Foundation/Application.php(734): Illuminate\\Container\\Container->make('blade.compiler', Array)
#5 /home/nicolaus/project/zuragan/zuragan-ongkir-api/vendor/laravel/framework/src/Illuminate/Container/Container.php(1210): Illuminate\\Foundation\\Application->make('blade.compiler')
#6 /home/nicolaus/project/zuragan/zuragan-ongkir-api/vendor/laravel/framework/src/Illuminate/View/ViewServiceProvider.php(146): Illuminate\\Container\\Container->offsetGet('blade.compiler')
#7 [internal function]: Illuminate\\View\\ViewServiceProvider->Illuminate\\View\\{closure}()
#8 /home/nicolaus/project/zuragan/zuragan-ongkir-api/vendor/laravel/framework/src/Illuminate/View/Engines/EngineResolver.php(54): call_user_func(Object(Closure))
#9 /home/nicolaus/project/zuragan/zuragan-ongkir-api/vendor/laravel/framework/src/Illuminate/View/Factory.php(286): Illuminate\\View\\Engines\\EngineResolver->resolve('blade')
#10 /home/nicolaus/project/zuragan/zuragan-ongkir-api/vendor/laravel/framework/src/Illuminate/View/Factory.php(250): Illuminate\\View\\Factory->getEngineFromPath('/home/nicolaus/...')
#11 /home/nicolaus/project/zuragan/zuragan-ongkir-api/vendor/laravel/framework/src/Illuminate/View/Factory.php(136): Illuminate\\View\\Factory->viewInstance('errors::404', '/home/nicolaus/...', Array)
#12 /home/nicolaus/project/zuragan/zuragan-ongkir-api/vendor/laravel/framework/src/Illuminate/Routing/ResponseFactory.php(69): Illuminate\\View\\Factory->make('errors::404', Array)
#13 /home/nicolaus/project/zuragan/zuragan-ongkir-api/vendor/laravel/framework/src/Illuminate/Foundation/Exceptions/Handler.php(379): Illuminate\\Routing\\ResponseFactory->view('errors::404', Array, 404, Array)
#14 /home/nicolaus/project/zuragan/zuragan-ongkir-api/vendor/laravel/framework/src/Illuminate/Foundation/Exceptions/Handler.php(288): Illuminate\\Foundation\\Exceptions\\Handler->renderHttpException(Object(Symfony\\Component\\HttpKernel\\Exception\\NotFoundHttpException))
#15 /home/nicolaus/project/zuragan/zuragan-ongkir-api/vendor/laravel/framework/src/Illuminate/Foundation/Exceptions/Handler.php(187): Illuminate\\Foundation\\Exceptions\\Handler->prepareResponse(Object(Illuminate\\Http\\Request), Object(Symfony\\Component\\HttpKernel\\Exception\\NotFoundHttpException))
#16 /home/nicolaus/project/zuragan/zuragan-ongkir-api/app/Exceptions/Handler.php(56): Illuminate\\Foundation\\Exceptions\\Handler->render(Object(Illuminate\\Http\\Request), Object(Symfony\\Component\\HttpKernel\\Exception\\NotFoundHttpException))
#17 /home/nicolaus/project/zuragan/zuragan-ongkir-api/vendor/laravel/framework/src/Illuminate/Routing/Pipeline.php(83): App\\Exceptions\\Handler->render(Object(Illuminate\\Http\\Request), Object(Symfony\\Component\\HttpKernel\\Exception\\NotFoundHttpException))
#18 /home/nicolaus/project/zuragan/zuragan-ongkir-api/vendor/laravel/framework/src/Illuminate/Routing/Pipeline.php(32): Illuminate\\Routing\\Pipeline->handleException(Object(Illuminate\\Http\\Request), Object(Symfony\\Component\\HttpKernel\\Exception\\NotFoundHttpException))
#19 /home/nicolaus/project/zuragan/zuragan-ongkir-api/vendor/fideloper/proxy/src/TrustProxies.php(57): Illuminate\\Routing\\Pipeline->Illuminate\\Routing\\{closure}(Object(Illuminate\\Http\\Request))
#20 /home/nicolaus/project/zuragan/zuragan-ongkir-api/vendor/laravel/framework/src/Illuminate/Pipeline/Pipeline.php(151): Fideloper\\Proxy\\TrustProxies->handle(Object(Illuminate\\Http\\Request), Object(Closure))
#21 /home/nicolaus/project/zuragan/zuragan-ongkir-api/vendor/laravel/framework/src/Illuminate/Routing/Pipeline.php(53): Illuminate\\Pipeline\\Pipeline->Illuminate\\Pipeline\\{closure}(Object(Illuminate\\Http\\Request))
#22 /home/nicolaus/project/zuragan/zuragan-ongkir-api/vendor/laravel/framework/src/Illuminate/Foundation/Http/Middleware/TransformsRequest.php(31): Illuminate\\Routing\\Pipeline->Illuminate\\Routing\\{closure}(Object(Illuminate\\Http\\Request))
#23 /home/nicolaus/project/zuragan/zuragan-ongkir-api/vendor/laravel/framework/src/Illuminate/Pipeline/Pipeline.php(151): Illuminate\\Foundation\\Http\\Middleware\\TransformsRequest->handle(Object(Illuminate\\Http\\Request), Object(Closure))
#24 /home/nicolaus/project/zuragan/zuragan-ongkir-api/vendor/laravel/framework/src/Illuminate/Routing/Pipeline.php(53): Illuminate\\Pipeline\\Pipeline->Illuminate\\Pipeline\\{closure}(Object(Illuminate\\Http\\Request))
#25 /home/nicolaus/project/zuragan/zuragan-ongkir-api/vendor/laravel/framework/src/Illuminate/Foundation/Http/Middleware/TransformsRequest.php(31): Illuminate\\Routing\\Pipeline->Illuminate\\Routing\\{closure}(Object(Illuminate\\Http\\Request))
#26 /home/nicolaus/project/zuragan/zuragan-ongkir-api/vendor/laravel/framework/src/Illuminate/Pipeline/Pipeline.php(151): Illuminate\\Foundation\\Http\\Middleware\\TransformsRequest->handle(Object(Illuminate\\Http\\Request), Object(Closure))
#27 /home/nicolaus/project/zuragan/zuragan-ongkir-api/vendor/laravel/framework/src/Illuminate/Routing/Pipeline.php(53): Illuminate\\Pipeline\\Pipeline->Illuminate\\Pipeline\\{closure}(Object(Illuminate\\Http\\Request))
#28 /home/nicolaus/project/zuragan/zuragan-ongkir-api/vendor/laravel/framework/src/Illuminate/Foundation/Http/Middleware/ValidatePostSize.php(27): Illuminate\\Routing\\Pipeline->Illuminate\\Routing\\{closure}(Object(Illuminate\\Http\\Request))
#29 /home/nicolaus/project/zuragan/zuragan-ongkir-api/vendor/laravel/framework/src/Illuminate/Pipeline/Pipeline.php(151): Illuminate\\Foundation\\Http\\Middleware\\ValidatePostSize->handle(Object(Illuminate\\Http\\Request), Object(Closure))
#30 /home/nicolaus/project/zuragan/zuragan-ongkir-api/vendor/laravel/framework/src/Illuminate/Routing/Pipeline.php(53): Illuminate\\Pipeline\\Pipeline->Illuminate\\Pipeline\\{closure}(Object(Illuminate\\Http\\Request))
#31 /home/nicolaus/project/zuragan/zuragan-ongkir-api/vendor/laravel/framework/src/Illuminate/Foundation/Http/Middleware/CheckForMaintenanceMode.php(62): Illuminate\\Routing\\Pipeline->Illuminate\\Routing\\{closure}(Object(Illuminate\\Http\\Request))
#32 /home/nicolaus/project/zuragan/zuragan-ongkir-api/vendor/laravel/framework/src/Illuminate/Pipeline/Pipeline.php(151): Illuminate\\Foundation\\Http\\Middleware\\CheckForMaintenanceMode->handle(Object(Illuminate\\Http\\Request), Object(Closure))
#33 /home/nicolaus/project/zuragan/zuragan-ongkir-api/vendor/laravel/framework/src/Illuminate/Routing/Pipeline.php(53): Illuminate\\Pipeline\\Pipeline->Illuminate\\Pipeline\\{closure}(Object(Illuminate\\Http\\Request))
#34 /home/nicolaus/project/zuragan/zuragan-ongkir-api/vendor/laravel/framework/src/Illuminate/Pipeline/Pipeline.php(104): Illuminate\\Routing\\Pipeline->Illuminate\\Routing\\{closure}(Object(Illuminate\\Http\\Request))
#35 /home/nicolaus/project/zuragan/zuragan-ongkir-api/vendor/laravel/framework/src/Illuminate/Foundation/Http/Kernel.php(151): Illuminate\\Pipeline\\Pipeline->then(Object(Closure))
#36 /home/nicolaus/project/zuragan/zuragan-ongkir-api/vendor/laravel/framework/src/Illuminate/Foundation/Http/Kernel.php(116): Illuminate\\Foundation\\Http\\Kernel->sendRequestThroughRouter(Object(Illuminate\\Http\\Request))
#37 /home/nicolaus/project/zuragan/zuragan-ongkir-api/public/index.php(55): Illuminate\\Foundation\\Http\\Kernel->handle(Object(Illuminate\\Http\\Request))
#38 /home/nicolaus/project/zuragan/zuragan-ongkir-api/server.php(21): require_once('/home/nicolaus/...')
#39 {main}
"} 
[2018-08-02 08:07:10] local.ERROR: Please provide a valid cache path. {"exception":"[object] (InvalidArgumentException(code: 0): Please provide a valid cache path. at /home/nicolaus/project/zuragan/zuragan-ongkir-api/vendor/laravel/framework/src/Illuminate/View/Compilers/Compiler.php:36)
[stacktrace]
#0 /home/nicolaus/project/zuragan/zuragan-ongkir-api/vendor/laravel/framework/src/Illuminate/View/ViewServiceProvider.php(141): Illuminate\\View\\Compilers\\Compiler->__construct(Object(Illuminate\\Filesystem\\Filesystem), false)
#1 /home/nicolaus/project/zuragan/zuragan-ongkir-api/vendor/laravel/framework/src/Illuminate/Container/Container.php(764): Illuminate\\View\\ViewServiceProvider->Illuminate\\View\\{closure}(Object(Illuminate\\Foundation\\Application), Array)
#2 /home/nicolaus/project/zuragan/zuragan-ongkir-api/vendor/laravel/framework/src/Illuminate/Container/Container.php(646): Illuminate\\Container\\Container->build(Object(Closure))
#3 /home/nicolaus/project/zuragan/zuragan-ongkir-api/vendor/laravel/framework/src/Illuminate/Container/Container.php(601): Illuminate\\Container\\Container->resolve('blade.compiler', Array)
#4 /home/nicolaus/project/zuragan/zuragan-ongkir-api/vendor/laravel/framework/src/Illuminate/Foundation/Application.php(734): Illuminate\\Container\\Container->make('blade.compiler', Array)
#5 /home/nicolaus/project/zuragan/zuragan-ongkir-api/vendor/laravel/framework/src/Illuminate/Container/Container.php(1210): Illuminate\\Foundation\\Application->make('blade.compiler')
#6 /home/nicolaus/project/zuragan/zuragan-ongkir-api/vendor/laravel/framework/src/Illuminate/View/ViewServiceProvider.php(146): Illuminate\\Container\\Container->offsetGet('blade.compiler')
#7 [internal function]: Illuminate\\View\\ViewServiceProvider->Illuminate\\View\\{closure}()
#8 /home/nicolaus/project/zuragan/zuragan-ongkir-api/vendor/laravel/framework/src/Illuminate/View/Engines/EngineResolver.php(54): call_user_func(Object(Closure))
#9 /home/nicolaus/project/zuragan/zuragan-ongkir-api/vendor/laravel/framework/src/Illuminate/View/Factory.php(286): Illuminate\\View\\Engines\\EngineResolver->resolve('blade')
#10 /home/nicolaus/project/zuragan/zuragan-ongkir-api/vendor/laravel/framework/src/Illuminate/View/Factory.php(250): Illuminate\\View\\Factory->getEngineFromPath('/home/nicolaus/...')
#11 /home/nicolaus/project/zuragan/zuragan-ongkir-api/vendor/laravel/framework/src/Illuminate/View/Factory.php(136): Illuminate\\View\\Factory->viewInstance('errors::404', '/home/nicolaus/...', Array)
#12 /home/nicolaus/project/zuragan/zuragan-ongkir-api/vendor/laravel/framework/src/Illuminate/Routing/ResponseFactory.php(69): Illuminate\\View\\Factory->make('errors::404', Array)
#13 /home/nicolaus/project/zuragan/zuragan-ongkir-api/vendor/laravel/framework/src/Illuminate/Foundation/Exceptions/Handler.php(379): Illuminate\\Routing\\ResponseFactory->view('errors::404', Array, 404, Array)
#14 /home/nicolaus/project/zuragan/zuragan-ongkir-api/vendor/laravel/framework/src/Illuminate/Foundation/Exceptions/Handler.php(288): Illuminate\\Foundation\\Exceptions\\Handler->renderHttpException(Object(Symfony\\Component\\HttpKernel\\Exception\\NotFoundHttpException))
#15 /home/nicolaus/project/zuragan/zuragan-ongkir-api/vendor/laravel/framework/src/Illuminate/Foundation/Exceptions/Handler.php(187): Illuminate\\Foundation\\Exceptions\\Handler->prepareResponse(Object(Illuminate\\Http\\Request), Object(Symfony\\Component\\HttpKernel\\Exception\\NotFoundHttpException))
#16 /home/nicolaus/project/zuragan/zuragan-ongkir-api/app/Exceptions/Handler.php(56): Illuminate\\Foundation\\Exceptions\\Handler->render(Object(Illuminate\\Http\\Request), Object(Symfony\\Component\\HttpKernel\\Exception\\NotFoundHttpException))
#17 /home/nicolaus/project/zuragan/zuragan-ongkir-api/vendor/laravel/framework/src/Illuminate/Routing/Pipeline.php(83): App\\Exceptions\\Handler->render(Object(Illuminate\\Http\\Request), Object(Symfony\\Component\\HttpKernel\\Exception\\NotFoundHttpException))
#18 /home/nicolaus/project/zuragan/zuragan-ongkir-api/vendor/laravel/framework/src/Illuminate/Routing/Pipeline.php(32): Illuminate\\Routing\\Pipeline->handleException(Object(Illuminate\\Http\\Request), Object(Symfony\\Component\\HttpKernel\\Exception\\NotFoundHttpException))
#19 /home/nicolaus/project/zuragan/zuragan-ongkir-api/vendor/fideloper/proxy/src/TrustProxies.php(57): Illuminate\\Routing\\Pipeline->Illuminate\\Routing\\{closure}(Object(Illuminate\\Http\\Request))
#20 /home/nicolaus/project/zuragan/zuragan-ongkir-api/vendor/laravel/framework/src/Illuminate/Pipeline/Pipeline.php(151): Fideloper\\Proxy\\TrustProxies->handle(Object(Illuminate\\Http\\Request), Object(Closure))
#21 /home/nicolaus/project/zuragan/zuragan-ongkir-api/vendor/laravel/framework/src/Illuminate/Routing/Pipeline.php(53): Illuminate\\Pipeline\\Pipeline->Illuminate\\Pipeline\\{closure}(Object(Illuminate\\Http\\Request))
#22 /home/nicolaus/project/zuragan/zuragan-ongkir-api/vendor/laravel/framework/src/Illuminate/Foundation/Http/Middleware/TransformsRequest.php(31): Illuminate\\Routing\\Pipeline->Illuminate\\Routing\\{closure}(Object(Illuminate\\Http\\Request))
#23 /home/nicolaus/project/zuragan/zuragan-ongkir-api/vendor/laravel/framework/src/Illuminate/Pipeline/Pipeline.php(151): Illuminate\\Foundation\\Http\\Middleware\\TransformsRequest->handle(Object(Illuminate\\Http\\Request), Object(Closure))
#24 /home/nicolaus/project/zuragan/zuragan-ongkir-api/vendor/laravel/framework/src/Illuminate/Routing/Pipeline.php(53): Illuminate\\Pipeline\\Pipeline->Illuminate\\Pipeline\\{closure}(Object(Illuminate\\Http\\Request))
#25 /home/nicolaus/project/zuragan/zuragan-ongkir-api/vendor/laravel/framework/src/Illuminate/Foundation/Http/Middleware/TransformsRequest.php(31): Illuminate\\Routing\\Pipeline->Illuminate\\Routing\\{closure}(Object(Illuminate\\Http\\Request))
#26 /home/nicolaus/project/zuragan/zuragan-ongkir-api/vendor/laravel/framework/src/Illuminate/Pipeline/Pipeline.php(151): Illuminate\\Foundation\\Http\\Middleware\\TransformsRequest->handle(Object(Illuminate\\Http\\Request), Object(Closure))
#27 /home/nicolaus/project/zuragan/zuragan-ongkir-api/vendor/laravel/framework/src/Illuminate/Routing/Pipeline.php(53): Illuminate\\Pipeline\\Pipeline->Illuminate\\Pipeline\\{closure}(Object(Illuminate\\Http\\Request))
#28 /home/nicolaus/project/zuragan/zuragan-ongkir-api/vendor/laravel/framework/src/Illuminate/Foundation/Http/Middleware/ValidatePostSize.php(27): Illuminate\\Routing\\Pipeline->Illuminate\\Routing\\{closure}(Object(Illuminate\\Http\\Request))
#29 /home/nicolaus/project/zuragan/zuragan-ongkir-api/vendor/laravel/framework/src/Illuminate/Pipeline/Pipeline.php(151): Illuminate\\Foundation\\Http\\Middleware\\ValidatePostSize->handle(Object(Illuminate\\Http\\Request), Object(Closure))
#30 /home/nicolaus/project/zuragan/zuragan-ongkir-api/vendor/laravel/framework/src/Illuminate/Routing/Pipeline.php(53): Illuminate\\Pipeline\\Pipeline->Illuminate\\Pipeline\\{closure}(Object(Illuminate\\Http\\Request))
#31 /home/nicolaus/project/zuragan/zuragan-ongkir-api/vendor/laravel/framework/src/Illuminate/Foundation/Http/Middleware/CheckForMaintenanceMode.php(62): Illuminate\\Routing\\Pipeline->Illuminate\\Routing\\{closure}(Object(Illuminate\\Http\\Request))
#32 /home/nicolaus/project/zuragan/zuragan-ongkir-api/vendor/laravel/framework/src/Illuminate/Pipeline/Pipeline.php(151): Illuminate\\Foundation\\Http\\Middleware\\CheckForMaintenanceMode->handle(Object(Illuminate\\Http\\Request), Object(Closure))
#33 /home/nicolaus/project/zuragan/zuragan-ongkir-api/vendor/laravel/framework/src/Illuminate/Routing/Pipeline.php(53): Illuminate\\Pipeline\\Pipeline->Illuminate\\Pipeline\\{closure}(Object(Illuminate\\Http\\Request))
#34 /home/nicolaus/project/zuragan/zuragan-ongkir-api/vendor/laravel/framework/src/Illuminate/Pipeline/Pipeline.php(104): Illuminate\\Routing\\Pipeline->Illuminate\\Routing\\{closure}(Object(Illuminate\\Http\\Request))
#35 /home/nicolaus/project/zuragan/zuragan-ongkir-api/vendor/laravel/framework/src/Illuminate/Foundation/Http/Kernel.php(151): Illuminate\\Pipeline\\Pipeline->then(Object(Closure))
#36 /home/nicolaus/project/zuragan/zuragan-ongkir-api/vendor/laravel/framework/src/Illuminate/Foundation/Http/Kernel.php(116): Illuminate\\Foundation\\Http\\Kernel->sendRequestThroughRouter(Object(Illuminate\\Http\\Request))
#37 /home/nicolaus/project/zuragan/zuragan-ongkir-api/public/index.php(55): Illuminate\\Foundation\\Http\\Kernel->handle(Object(Illuminate\\Http\\Request))
#38 /home/nicolaus/project/zuragan/zuragan-ongkir-api/server.php(21): require_once('/home/nicolaus/...')
#39 {main}
"} 
